<?xml version="1.0" encoding="UTF-8"?>
<coverage generated="1783463990922" clover="3.2.0">
  <project timestamp="1783463990922" name="All files">
    <metrics statements="71" coveredstatements="71" conditionals="30" coveredconditionals="29" methods="14" coveredmethods="14" elements="115" coveredelements="114" complexity="0" loc="71" ncloc="71" packages="2" files="2" classes="2"/>
    <package name="personal_website">
      <metrics statements="41" coveredstatements="41" conditionals="20" coveredconditionals="19" methods="6" coveredmethods="6"/>
      <file name="utils.jsx" path="/Users/bin/bin/code/personal_website/utils.jsx">
        <metrics statements="41" coveredstatements="41" conditionals="20" coveredconditionals="19" methods="6" coveredmethods="6"/>
        <line num="3" count="1" type="stmt"/>
        <line num="4" count="3" type="cond" truecount="4" falsecount="0"/>
        <line num="5" count="2" type="stmt"/>
        <line num="7" count="1" type="stmt"/>
        <line num="18" count="1" type="stmt"/>
        <line num="22" count="2" type="stmt"/>
        <line num="30" count="1" type="stmt"/>
        <line num="36" count="4" type="cond" truecount="2" falsecount="0"/>
        <line num="37" count="2" type="stmt"/>
        <line num="38" count="2" type="stmt"/>
        <line num="40" count="2" type="stmt"/>
        <line num="41" count="2" type="stmt"/>
        <line num="45" count="2" type="stmt"/>
        <line num="49" count="1" type="stmt"/>
        <line num="50" count="2" type="stmt"/>
        <line num="51" count="2" type="stmt"/>
        <line num="52" count="2" type="stmt"/>
        <line num="77" count="1" type="stmt"/>
        <line num="78" count="5" type="stmt"/>
        <line num="79" count="5" type="stmt"/>
        <line num="81" count="5" type="stmt"/>
        <line num="82" count="9" type="stmt"/>
        <line num="85" count="9" type="stmt"/>
        <line num="88" count="27" type="cond" truecount="2" falsecount="0"/>
        <line num="89" count="6" type="stmt"/>
        <line num="93" count="21" type="stmt"/>
        <line num="96" count="21" type="cond" truecount="2" falsecount="0"/>
        <line num="97" count="14" type="stmt"/>
        <line num="101" count="7" type="cond" truecount="4" falsecount="0"/>
        <line num="102" count="4" type="stmt"/>
        <line num="112" count="9" type="cond" truecount="2" falsecount="0"/>
        <line num="113" count="5" type="stmt"/>
        <line num="118" count="5" type="stmt"/>
        <line num="122" count="4" type="cond" truecount="1" falsecount="1"/>
        <line num="123" count="4" type="stmt"/>
        <line num="130" count="4" type="stmt"/>
        <line num="137" count="4" type="stmt"/>
        <line num="140" count="5" type="stmt"/>
        <line num="143" count="13" type="cond" truecount="2" falsecount="0"/>
        <line num="144" count="4" type="stmt"/>
        <line num="151" count="9" type="stmt"/>
      </file>
    </package>
    <package name="personal_website.components">
      <metrics statements="30" coveredstatements="30" conditionals="10" coveredconditionals="10" methods="8" coveredmethods="8"/>
      <file name="annoFeature.jsx" path="/Users/bin/bin/code/personal_website/components/annoFeature.jsx">
        <metrics statements="30" coveredstatements="30" conditionals="10" coveredconditionals="10" methods="8" coveredmethods="8"/>
        <line num="13" count="3" type="stmt"/>
        <line num="14" count="1" type="stmt"/>
        <line num="16" count="3" type="cond" truecount="2" falsecount="0"/>
        <line num="17" count="1" type="stmt"/>
        <line num="19" count="2" type="stmt"/>
        <line num="55" count="7" type="stmt"/>
        <line num="57" count="7" type="cond" truecount="2" falsecount="0"/>
        <line num="58" count="1" type="stmt"/>
        <line num="61" count="6" type="stmt"/>
        <line num="63" count="2" type="stmt"/>
        <line num="65" count="2" type="stmt"/>
        <line num="71" count="2" type="stmt"/>
        <line num="76" count="2" type="stmt"/>
        <line num="79" count="2" type="stmt"/>
        <line num="83" count="6" type="stmt"/>
        <line num="84" count="1" type="stmt"/>
        <line num="87" count="6" type="stmt"/>
        <line num="88" count="6" type="stmt"/>
        <line num="89" count="6" type="cond" truecount="2" falsecount="0"/>
        <line num="92" count="7" type="cond" truecount="2" falsecount="0"/>
        <line num="96" count="7" type="stmt"/>
        <line num="130" count="5" type="cond" truecount="2" falsecount="0"/>
        <line num="131" count="1" type="stmt"/>
        <line num="133" count="4" type="stmt"/>
        <line num="134" count="1" type="stmt"/>
        <line num="138" count="1" type="stmt"/>
        <line num="139" count="1" type="stmt"/>
        <line num="141" count="4" type="stmt"/>
        <line num="142" count="1" type="stmt"/>
        <line num="145" count="4" type="stmt"/>
      </file>
    </package>
  </project>
</coverage>
