{"/Users/bin/bin/code/personal_website/utils.jsx": {"path":"/Users/bin/bin/code/personal_website/utils.jsx","statementMap":{"0":{"start":{"line":3,"column":6},"end":{"line":7,"column":null}},"1":{"start":{"line":4,"column":2},"end":{"line":5,"column":null}},"2":{"start":{"line":5,"column":4},"end":{"line":5,"column":null}},"3":{"start":{"line":7,"column":2},"end":{"line":7,"column":null}},"4":{"start":{"line":18,"column":6},"end":{"line":28,"column":null}},"5":{"start":{"line":22,"column":7},"end":{"line":28,"column":null}},"6":{"start":{"line":30,"column":6},"end":{"line":45,"column":null}},"7":{"start":{"line":36,"column":2},"end":{"line":45,"column":null}},"8":{"start":{"line":37,"column":19},"end":{"line":37,"column":38}},"9":{"start":{"line":38,"column":4},"end":{"line":38,"column":null}},"10":{"start":{"line":40,"column":34},"end":{"line":40,"column":55}},"11":{"start":{"line":41,"column":4},"end":{"line":44,"column":null}},"12":{"start":{"line":45,"column":4},"end":{"line":45,"column":null}},"13":{"start":{"line":49,"column":6},"end":{"line":52,"column":null}},"14":{"start":{"line":50,"column":33},"end":{"line":50,"column":52}},"15":{"start":{"line":51,"column":3},"end":{"line":51,"column":null}},"16":{"start":{"line":52,"column":3},"end":{"line":52,"column":null}},"17":{"start":{"line":77,"column":6},"end":{"line":153,"column":null}},"18":{"start":{"line":78,"column":15},"end":{"line":78,"column":null}},"19":{"start":{"line":79,"column":15},"end":{"line":79,"column":17}},"20":{"start":{"line":81,"column":2},"end":{"line":137,"column":null}},"21":{"start":{"line":82,"column":20},"end":{"line":82,"column":null}},"22":{"start":{"line":85,"column":4},"end":{"line":107,"column":null}},"23":{"start":{"line":88,"column":6},"end":{"line":89,"column":null}},"24":{"start":{"line":89,"column":8},"end":{"line":89,"column":null}},"25":{"start":{"line":93,"column":18},"end":{"line":93,"column":71}},"26":{"start":{"line":96,"column":6},"end":{"line":97,"column":null}},"27":{"start":{"line":97,"column":8},"end":{"line":97,"column":null}},"28":{"start":{"line":101,"column":6},"end":{"line":107,"column":null}},"29":{"start":{"line":102,"column":8},"end":{"line":107,"column":null}},"30":{"start":{"line":112,"column":4},"end":{"line":118,"column":null}},"31":{"start":{"line":113,"column":6},"end":{"line":116,"column":null}},"32":{"start":{"line":118,"column":6},"end":{"line":118,"column":null}},"33":{"start":{"line":122,"column":4},"end":{"line":126,"column":null}},"34":{"start":{"line":123,"column":6},"end":{"line":126,"column":null}},"35":{"start":{"line":130,"column":4},"end":{"line":134,"column":null}},"36":{"start":{"line":137,"column":4},"end":{"line":137,"column":null}},"37":{"start":{"line":140,"column":2},"end":{"line":153,"column":null}},"38":{"start":{"line":143,"column":8},"end":{"line":147,"column":null}},"39":{"start":{"line":144,"column":10},"end":{"line":147,"column":null}},"40":{"start":{"line":151,"column":8},"end":{"line":151,"column":null}}},"fnMap":{"0":{"name":"(anonymous_0)","decl":{"start":{"line":3,"column":6},"end":{"line":3,"column":32}},"loc":{"start":{"line":3,"column":51},"end":{"line":7,"column":null}},"line":3},"1":{"name":"(anonymous_1)","decl":{"start":{"line":18,"column":6},"end":{"line":18,"column":26}},"loc":{"start":{"line":22,"column":7},"end":{"line":28,"column":null}},"line":22},"2":{"name":"(anonymous_2)","decl":{"start":{"line":30,"column":6},"end":{"line":30,"column":null}},"loc":{"start":{"line":34,"column":5},"end":{"line":45,"column":null}},"line":34},"3":{"name":"(anonymous_3)","decl":{"start":{"line":49,"column":6},"end":{"line":49,"column":26}},"loc":{"start":{"line":49,"column":63},"end":{"line":52,"column":null}},"line":49},"4":{"name":"(anonymous_4)","decl":{"start":{"line":77,"column":6},"end":{"line":77,"column":23}},"loc":{"start":{"line":77,"column":63},"end":{"line":153,"column":null}},"line":77},"5":{"name":"(anonymous_5)","decl":{"start":{"line":142,"column":14},"end":{"line":142,"column":19}},"loc":{"start":{"line":142,"column":38},"end":{"line":152,"column":null}},"line":142}},"branchMap":{"0":{"loc":{"start":{"line":4,"column":2},"end":{"line":5,"column":null}},"type":"if","locations":[{"start":{"line":4,"column":2},"end":{"line":5,"column":null}},{"start":{},"end":{}}],"line":4},"1":{"loc":{"start":{"line":4,"column":6},"end":{"line":4,"column":56}},"type":"binary-expr","locations":[{"start":{"line":4,"column":6},"end":{"line":4,"column":31}},{"start":{"line":4,"column":31},"end":{"line":4,"column":56}}],"line":4},"2":{"loc":{"start":{"line":36,"column":2},"end":{"line":45,"column":null}},"type":"if","locations":[{"start":{"line":36,"column":2},"end":{"line":45,"column":null}},{"start":{"line":39,"column":9},"end":{"line":45,"column":null}}],"line":36},"3":{"loc":{"start":{"line":88,"column":6},"end":{"line":89,"column":null}},"type":"if","locations":[{"start":{"line":88,"column":6},"end":{"line":89,"column":null}},{"start":{},"end":{}}],"line":88},"4":{"loc":{"start":{"line":96,"column":6},"end":{"line":97,"column":null}},"type":"if","locations":[{"start":{"line":96,"column":6},"end":{"line":97,"column":null}},{"start":{},"end":{}}],"line":96},"5":{"loc":{"start":{"line":101,"column":6},"end":{"line":107,"column":null}},"type":"if","locations":[{"start":{"line":101,"column":6},"end":{"line":107,"column":null}},{"start":{},"end":{}}],"line":101},"6":{"loc":{"start":{"line":101,"column":10},"end":{"line":101,"column":62}},"type":"binary-expr","locations":[{"start":{"line":101,"column":10},"end":{"line":101,"column":32}},{"start":{"line":101,"column":32},"end":{"line":101,"column":62}}],"line":101},"7":{"loc":{"start":{"line":112,"column":4},"end":{"line":118,"column":null}},"type":"if","locations":[{"start":{"line":112,"column":4},"end":{"line":118,"column":null}},{"start":{},"end":{}}],"line":112},"8":{"loc":{"start":{"line":122,"column":4},"end":{"line":126,"column":null}},"type":"if","locations":[{"start":{"line":122,"column":4},"end":{"line":126,"column":null}},{"start":{},"end":{}}],"line":122},"9":{"loc":{"start":{"line":143,"column":8},"end":{"line":147,"column":null}},"type":"if","locations":[{"start":{"line":143,"column":8},"end":{"line":147,"column":null}},{"start":{},"end":{}}],"line":143}},"s":{"0":1,"1":3,"2":2,"3":1,"4":1,"5":1,"6":1,"7":2,"8":1,"9":1,"10":1,"11":1,"12":1,"13":1,"14":1,"15":1,"16":1,"17":1,"18":5,"19":5,"20":5,"21":9,"22":9,"23":27,"24":6,"25":21,"26":21,"27":14,"28":7,"29":4,"30":9,"31":5,"32":5,"33":4,"34":4,"35":4,"36":4,"37":5,"38":13,"39":4,"40":9},"f":{"0":3,"1":1,"2":2,"3":1,"4":5,"5":13},"b":{"0":[2,1],"1":[3,2],"2":[1,1],"3":[6,21],"4":[14,7],"5":[4,3],"6":[7,3],"7":[5,4],"8":[4,0],"9":[4,9]},"meta":{"lastBranch":10,"lastFunction":6,"lastStatement":41,"seen":{"s:3:6:7:Infinity":0,"f:3:6:3:32":0,"b:4:2:5:Infinity:undefined:undefined:undefined:undefined":0,"s:4:2:5:Infinity":1,"b:4:6:4:31:4:31:4:56":1,"s:5:4:5:Infinity":2,"s:7:2:7:Infinity":3,"s:18:6:28:Infinity":4,"f:18:6:18:26":1,"s:22:7:28:Infinity":5,"s:30:6:45:Infinity":6,"f:30:6:30:Infinity":2,"b:36:2:45:Infinity:39:9:45:Infinity":2,"s:36:2:45:Infinity":7,"s:37:19:37:38":8,"s:38:4:38:Infinity":9,"s:40:34:40:55":10,"s:41:4:44:Infinity":11,"s:45:4:45:Infinity":12,"s:49:6:52:Infinity":13,"f:49:6:49:26":3,"s:50:33:50:52":14,"s:51:3:51:Infinity":15,"s:52:3:52:Infinity":16,"s:77:6:153:Infinity":17,"f:77:6:77:23":4,"s:78:15:78:Infinity":18,"s:79:15:79:17":19,"s:81:2:137:Infinity":20,"s:82:20:82:Infinity":21,"s:85:4:107:Infinity":22,"b:88:6:89:Infinity:undefined:undefined:undefined:undefined":3,"s:88:6:89:Infinity":23,"s:89:8:89:Infinity":24,"s:93:18:93:71":25,"b:96:6:97:Infinity:undefined:undefined:undefined:undefined":4,"s:96:6:97:Infinity":26,"s:97:8:97:Infinity":27,"b:101:6:107:Infinity:undefined:undefined:undefined:undefined":5,"s:101:6:107:Infinity":28,"b:101:10:101:32:101:32:101:62":6,"s:102:8:107:Infinity":29,"b:112:4:118:Infinity:undefined:undefined:undefined:undefined":7,"s:112:4:118:Infinity":30,"s:113:6:116:Infinity":31,"s:118:6:118:Infinity":32,"b:122:4:126:Infinity:undefined:undefined:undefined:undefined":8,"s:122:4:126:Infinity":33,"s:123:6:126:Infinity":34,"s:130:4:134:Infinity":35,"s:137:4:137:Infinity":36,"s:140:2:153:Infinity":37,"f:142:14:142:19":5,"b:143:8:147:Infinity:undefined:undefined:undefined:undefined":9,"s:143:8:147:Infinity":38,"s:144:10:147:Infinity":39,"s:151:8:151:Infinity":40},"fnNames":{}}}
,"/Users/bin/bin/code/personal_website/components/annoFeature.jsx": {"path":"/Users/bin/bin/code/personal_website/components/annoFeature.jsx","statementMap":{"0":{"start":{"line":13,"column":8},"end":{"line":14,"column":null}},"1":{"start":{"line":14,"column":4},"end":{"line":14,"column":null}},"2":{"start":{"line":16,"column":2},"end":{"line":17,"column":null}},"3":{"start":{"line":17,"column":4},"end":{"line":17,"column":null}},"4":{"start":{"line":19,"column":2},"end":{"line":36,"column":null}},"5":{"start":{"line":55,"column":8},"end":{"line":55,"column":36}},"6":{"start":{"line":57,"column":2},"end":{"line":58,"column":null}},"7":{"start":{"line":58,"column":4},"end":{"line":58,"column":null}},"8":{"start":{"line":61,"column":8},"end":{"line":79,"column":null}},"9":{"start":{"line":63,"column":24},"end":{"line":63,"column":null}},"10":{"start":{"line":65,"column":20},"end":{"line":69,"column":null}},"11":{"start":{"line":71,"column":10},"end":{"line":74,"column":null}},"12":{"start":{"line":76,"column":4},"end":{"line":76,"column":null}},"13":{"start":{"line":79,"column":4},"end":{"line":79,"column":null}},"14":{"start":{"line":83,"column":8},"end":{"line":84,"column":null}},"15":{"start":{"line":84,"column":4},"end":{"line":84,"column":null}},"16":{"start":{"line":87,"column":20},"end":{"line":87,"column":null}},"17":{"start":{"line":88,"column":2},"end":{"line":88,"column":null}},"18":{"start":{"line":89,"column":22},"end":{"line":91,"column":null}},"19":{"start":{"line":92,"column":26},"end":{"line":94,"column":null}},"20":{"start":{"line":96,"column":2},"end":{"line":116,"column":null}},"21":{"start":{"line":130,"column":2},"end":{"line":131,"column":null}},"22":{"start":{"line":131,"column":4},"end":{"line":131,"column":null}},"23":{"start":{"line":133,"column":8},"end":{"line":139,"column":null}},"24":{"start":{"line":134,"column":10},"end":{"line":136,"column":null}},"25":{"start":{"line":138,"column":4},"end":{"line":138,"column":null}},"26":{"start":{"line":139,"column":4},"end":{"line":139,"column":null}},"27":{"start":{"line":141,"column":8},"end":{"line":142,"column":null}},"28":{"start":{"line":142,"column":4},"end":{"line":142,"column":null}},"29":{"start":{"line":145,"column":2},"end":{"line":172,"column":null}}},"fnMap":{"0":{"name":"AnnotationOfferer","decl":{"start":{"line":5,"column":9},"end":{"line":5,"column":27}},"loc":{"start":{"line":12,"column":3},"end":{"line":36,"column":null}},"line":12},"1":{"name":"(anonymous_1)","decl":{"start":{"line":13,"column":8},"end":{"line":13,"column":28}},"loc":{"start":{"line":13,"column":28},"end":{"line":14,"column":null}},"line":13},"2":{"name":"AnnotationInput","decl":{"start":{"line":42,"column":9},"end":{"line":42,"column":25}},"loc":{"start":{"line":53,"column":3},"end":{"line":116,"column":null}},"line":53},"3":{"name":"(anonymous_3)","decl":{"start":{"line":61,"column":8},"end":{"line":61,"column":28}},"loc":{"start":{"line":61,"column":28},"end":{"line":79,"column":null}},"line":61},"4":{"name":"(anonymous_4)","decl":{"start":{"line":83,"column":8},"end":{"line":83,"column":30}},"loc":{"start":{"line":83,"column":30},"end":{"line":84,"column":null}},"line":83},"5":{"name":"AnnotationDisplay","decl":{"start":{"line":122,"column":9},"end":{"line":122,"column":27}},"loc":{"start":{"line":129,"column":3},"end":{"line":172,"column":null}},"line":129},"6":{"name":"(anonymous_6)","decl":{"start":{"line":133,"column":8},"end":{"line":133,"column":34}},"loc":{"start":{"line":133,"column":34},"end":{"line":139,"column":null}},"line":133},"7":{"name":"(anonymous_7)","decl":{"start":{"line":141,"column":8},"end":{"line":141,"column":32}},"loc":{"start":{"line":141,"column":32},"end":{"line":142,"column":null}},"line":141}},"branchMap":{"0":{"loc":{"start":{"line":16,"column":2},"end":{"line":17,"column":null}},"type":"if","locations":[{"start":{"line":16,"column":2},"end":{"line":17,"column":null}},{"start":{},"end":{}}],"line":16},"1":{"loc":{"start":{"line":57,"column":2},"end":{"line":58,"column":null}},"type":"if","locations":[{"start":{"line":57,"column":2},"end":{"line":58,"column":null}},{"start":{},"end":{}}],"line":57},"2":{"loc":{"start":{"line":89,"column":22},"end":{"line":91,"column":null}},"type":"cond-expr","locations":[{"start":{"line":90,"column":6},"end":{"line":90,"column":null}},{"start":{"line":91,"column":6},"end":{"line":91,"column":null}}],"line":89},"3":{"loc":{"start":{"line":92,"column":26},"end":{"line":94,"column":null}},"type":"cond-expr","locations":[{"start":{"line":93,"column":6},"end":{"line":93,"column":null}},{"start":{"line":94,"column":6},"end":{"line":94,"column":null}}],"line":92},"4":{"loc":{"start":{"line":130,"column":2},"end":{"line":131,"column":null}},"type":"if","locations":[{"start":{"line":130,"column":2},"end":{"line":131,"column":null}},{"start":{},"end":{}}],"line":130}},"s":{"0":2,"1":0,"2":2,"3":1,"4":1,"5":4,"6":4,"7":1,"8":3,"9":0,"10":0,"11":0,"12":0,"13":0,"14":3,"15":0,"16":3,"17":3,"18":3,"19":4,"20":4,"21":3,"22":1,"23":2,"24":0,"25":0,"26":0,"27":2,"28":0,"29":2},"f":{"0":2,"1":0,"2":4,"3":0,"4":0,"5":3,"6":0,"7":0},"b":{"0":[1,1],"1":[1,3],"2":[1,2],"3":[1,2],"4":[1,2]},"meta":{"lastBranch":5,"lastFunction":8,"lastStatement":30,"seen":{"f:5:9:5:27":0,"s:13:8:14:Infinity":0,"f:13:8:13:28":1,"s:14:4:14:Infinity":1,"b:16:2:17:Infinity:undefined:undefined:undefined:undefined":0,"s:16:2:17:Infinity":2,"s:17:4:17:Infinity":3,"s:19:2:36:Infinity":4,"f:42:9:42:25":2,"s:55:8:55:36":5,"b:57:2:58:Infinity:undefined:undefined:undefined:undefined":1,"s:57:2:58:Infinity":6,"s:58:4:58:Infinity":7,"s:61:8:79:Infinity":8,"f:61:8:61:28":3,"s:63:24:63:Infinity":9,"s:65:20:69:Infinity":10,"s:71:10:74:Infinity":11,"s:76:4:76:Infinity":12,"s:79:4:79:Infinity":13,"s:83:8:84:Infinity":14,"f:83:8:83:30":4,"s:84:4:84:Infinity":15,"s:87:20:87:Infinity":16,"s:88:2:88:Infinity":17,"s:89:22:91:Infinity":18,"b:90:6:90:Infinity:91:6:91:Infinity":2,"s:92:26:94:Infinity":19,"b:93:6:93:Infinity:94:6:94:Infinity":3,"s:96:2:116:Infinity":20,"f:122:9:122:27":5,"b:130:2:131:Infinity:undefined:undefined:undefined:undefined":4,"s:130:2:131:Infinity":21,"s:131:4:131:Infinity":22,"s:133:8:139:Infinity":23,"f:133:8:133:34":6,"s:134:10:136:Infinity":24,"s:138:4:138:Infinity":25,"s:139:4:139:Infinity":26,"s:141:8:142:Infinity":27,"f:141:8:141:32":7,"s:142:4:142:Infinity":28,"s:145:2:172:Infinity":29},"fnNames":{}}}
}
